2015-04-07 04:14:14.475 Giftr[17577:234991] DiskCookieStorage changing policy from 2 to 0, cookie file: file:///Users/Gabriel/Library/Developer/CoreSimulator/Devices/BD32870F-3076-401C-B9CC-8A0B6BC14DEB/data/Containers/Data/Application/02D38946-79DF-4A51-BCAC-F2A92CABA7F9/Library/Cookies/Cookies.binarycookies
2015-04-07 04:14:14.686 Giftr[17577:234991] Apache Cordova native platform version 3.7.0 is starting.
2015-04-07 04:14:14.686 Giftr[17577:234991] Multi-tasking -> Device: YES, App: YES
2015-04-07 04:14:14.698 Giftr[17577:234991] Unlimited access to network resources
2015-04-07 04:14:14.707 Giftr[17577:234991] 

Started backup to iCloud! Please be careful.
Your application might be rejected by Apple if you store too much data.
For more information please read "iOS Data Storage Guidelines" at:
https://developer.apple.com/icloud/documentation/data-storage/
To disable web storage backup to iCloud, set the BackupWebStorage preference to "local" in the Cordova config.xml file

2015-04-07 04:14:15.163 Giftr[17577:234991] Resetting plugins due to page load.
2015-04-07 04:14:15.294 Giftr[17577:234991] Finished load of: file:///Users/Gabriel/Library/Developer/CoreSimulator/Devices/BD32870F-3076-401C-B9CC-8A0B6BC14DEB/data/Containers/Bundle/Application/15302467-3A91-46CE-9674-64E5018716B9/Giftr.app/www/index.html
2015-04-07 20:04:07.820 Giftr[21726:299725] DiskCookieStorage changing policy from 2 to 0, cookie file: file:///Users/Gabriel/Library/Developer/CoreSimulator/Devices/BD32870F-3076-401C-B9CC-8A0B6BC14DEB/data/Containers/Data/Application/366631DE-1583-4AE8-9123-ADD7BE336D49/Library/Cookies/Cookies.binarycookies
2015-04-07 20:04:07.985 Giftr[21726:299725] Apache Cordova native platform version 3.7.0 is starting.
2015-04-07 20:04:07.985 Giftr[21726:299725] Multi-tasking -> Device: YES, App: YES
2015-04-07 20:04:08.004 Giftr[21726:299725] Unlimited access to network resources
2015-04-07 20:04:08.013 Giftr[21726:299725] 

Started backup to iCloud! Please be careful.
Your application might be rejected by Apple if you store too much data.
For more information please read "iOS Data Storage Guidelines" at:
https://developer.apple.com/icloud/documentation/data-storage/
To disable web storage backup to iCloud, set the BackupWebStorage preference to "local" in the Cordova config.xml file

2015-04-07 20:04:08.196 Giftr[21726:299725] Resetting plugins due to page load.
2015-04-07 20:04:08.364 Giftr[21726:299725] Finished load of: file:///Users/Gabriel/Library/Developer/CoreSimulator/Devices/BD32870F-3076-401C-B9CC-8A0B6BC14DEB/data/Containers/Bundle/Application/0190242F-8B0A-4225-A5E5-151AB14E45B5/Giftr.app/www/index.html
2015-04-07 20:05:38.760 Giftr[21726:299752] Terminating since there is no system app.
